
> novelflow-backend@1.0.0 dev
> nodemon src/server.js

[33m[nodemon] 3.1.10[39m
[33m[nodemon] to restart at any time, enter `rs`[39m
[33m[nodemon] watching path(s): *.*[39m
[33m[nodemon] watching extensions: js,mjs,cjs,json[39m
[32m[nodemon] starting `node src/server.js`[39m
NovelFlow Backend Server running on port 8888
Projects directory: D:\github\novelflow\data\projects
[FILES] Getting project files from: D:\github\novelflow\data\projects
[FILES] Found 20 files: 07543364-a366-4916-982a-202fbae65c66.json, 0bc783c7-a965-4257-b647-a2e763dd471d.json, 216fddb8-0a98-4322-8440-15c6c5b2dd0c.json, 450bc2ae-840a-4655-b684-a9b65819c24d.json, 49f51458-3e4e-4bf9-89ff-ab9c10183f20.json, 52de6a37-60f7-49ca-b289-63ccd3cacd4d.json, 532cbbe0-097d-4643-830a-5fd82173f049.json, 5400c0ff-d0cd-4d59-a700-10347b79e33f.json, 68d8088c-9fd1-464d-84d2-2c958e9017d8.json, 748867b0-a844-4c43-a4df-5caa5128ed63.json, 851736c9-2df5-43d2-9749-f0942f97bcfc.json, 9de4abaa-5dfb-491f-9668-8e199c2b882b.json, add463b7-bdff-41b8-8254-de36dd6930cf.json, b0da8682-5dcf-42de-836a-3b82eae615e5.json, c9ec6bd1-b8bc-4a94-9db6-cabb4329da7c.json, cf905709-5ce6-4f7b-b8dc-c8f546a20ab8.json, e1784405-ecf9-4966-ab7d-d1adf4d3b34d.json, e55bce4b-cc98-4ef3-9fb1-f06659fe6c60.json, ef795f24-b610-4fca-bc3c-bb88c5e5d5e5.json, exports
[FILES] Returning 19 project files
[FILES] Getting project files from: D:\github\novelflow\data\projects
[FILES] Found 20 files: 07543364-a366-4916-982a-202fbae65c66.json, 0bc783c7-a965-4257-b647-a2e763dd471d.json, 216fddb8-0a98-4322-8440-15c6c5b2dd0c.json, 450bc2ae-840a-4655-b684-a9b65819c24d.json, 49f51458-3e4e-4bf9-89ff-ab9c10183f20.json, 52de6a37-60f7-49ca-b289-63ccd3cacd4d.json, 532cbbe0-097d-4643-830a-5fd82173f049.json, 5400c0ff-d0cd-4d59-a700-10347b79e33f.json, 68d8088c-9fd1-464d-84d2-2c958e9017d8.json, 748867b0-a844-4c43-a4df-5caa5128ed63.json, 851736c9-2df5-43d2-9749-f0942f97bcfc.json, 9de4abaa-5dfb-491f-9668-8e199c2b882b.json, add463b7-bdff-41b8-8254-de36dd6930cf.json, b0da8682-5dcf-42de-836a-3b82eae615e5.json, c9ec6bd1-b8bc-4a94-9db6-cabb4329da7c.json, cf905709-5ce6-4f7b-b8dc-c8f546a20ab8.json, e1784405-ecf9-4966-ab7d-d1adf4d3b34d.json, e55bce4b-cc98-4ef3-9fb1-f06659fe6c60.json, ef795f24-b610-4fca-bc3c-bb88c5e5d5e5.json, exports
[FILES] Returning 19 project files
[31m[nodemon] app crashed - waiting for file changes before starting...[39m
[32m[nodemon] restarting due to changes...[39m
[32m[nodemon] starting `node src/server.js`[39m
[32m[nodemon] restarting due to changes...[39m
NovelFlow Backend Server running on port 8888
Projects directory: D:\github\novelflow\data\projects
[32m[nodemon] starting `node src/server.js`[39m
NovelFlow Backend Server running on port 8888
Projects directory: D:\github\novelflow\data\projects
[FILES] Getting project files from: D:\github\novelflow\data\projects
[FILES] Found 25 files: 07543364-a366-4916-982a-202fbae65c66.json, 0bc783c7-a965-4257-b647-a2e763dd471d.json, 201396fb-f401-4f1f-817f-d907bef876bf.json, 216fddb8-0a98-4322-8440-15c6c5b2dd0c.json, 450bc2ae-840a-4655-b684-a9b65819c24d.json, 49f51458-3e4e-4bf9-89ff-ab9c10183f20.json, 52de6a37-60f7-49ca-b289-63ccd3cacd4d.json, 532cbbe0-097d-4643-830a-5fd82173f049.json, 5400c0ff-d0cd-4d59-a700-10347b79e33f.json, 68d8088c-9fd1-464d-84d2-2c958e9017d8.json, 748867b0-a844-4c43-a4df-5caa5128ed63.json, 851736c9-2df5-43d2-9749-f0942f97bcfc.json, 8534543b-7b70-4260-b5fc-c8b5cebb6e5d.json, 9b0a812a-f9c9-4f33-896e-7639aa74c2f9.json, 9de4abaa-5dfb-491f-9668-8e199c2b882b.json, add463b7-bdff-41b8-8254-de36dd6930cf.json, b0da8682-5dcf-42de-836a-3b82eae615e5.json, c30c4d9a-f5c5-4807-abfe-79c727671747.json, c9ec6bd1-b8bc-4a94-9db6-cabb4329da7c.json, cf905709-5ce6-4f7b-b8dc-c8f546a20ab8.json, e1784405-ecf9-4966-ab7d-d1adf4d3b34d.json, e55bce4b-cc98-4ef3-9fb1-f06659fe6c60.json, ef795f24-b610-4fca-bc3c-bb88c5e5d5e5.json, exports, fe235c58-c1cb-45a1-85fc-e2e6f30787f0.json
[FILES] Returning 24 project files
[FILES] Getting project files from: D:\github\novelflow\data\projects
[FILES] Found 25 files: 07543364-a366-4916-982a-202fbae65c66.json, 0bc783c7-a965-4257-b647-a2e763dd471d.json, 201396fb-f401-4f1f-817f-d907bef876bf.json, 216fddb8-0a98-4322-8440-15c6c5b2dd0c.json, 450bc2ae-840a-4655-b684-a9b65819c24d.json, 49f51458-3e4e-4bf9-89ff-ab9c10183f20.json, 52de6a37-60f7-49ca-b289-63ccd3cacd4d.json, 532cbbe0-097d-4643-830a-5fd82173f049.json, 5400c0ff-d0cd-4d59-a700-10347b79e33f.json, 68d8088c-9fd1-464d-84d2-2c958e9017d8.json, 748867b0-a844-4c43-a4df-5caa5128ed63.json, 851736c9-2df5-43d2-9749-f0942f97bcfc.json, 8534543b-7b70-4260-b5fc-c8b5cebb6e5d.json, 9b0a812a-f9c9-4f33-896e-7639aa74c2f9.json, 9de4abaa-5dfb-491f-9668-8e199c2b882b.json, add463b7-bdff-41b8-8254-de36dd6930cf.json, b0da8682-5dcf-42de-836a-3b82eae615e5.json, c30c4d9a-f5c5-4807-abfe-79c727671747.json, c9ec6bd1-b8bc-4a94-9db6-cabb4329da7c.json, cf905709-5ce6-4f7b-b8dc-c8f546a20ab8.json, e1784405-ecf9-4966-ab7d-d1adf4d3b34d.json, e55bce4b-cc98-4ef3-9fb1-f06659fe6c60.json, ef795f24-b610-4fca-bc3c-bb88c5e5d5e5.json, exports, fe235c58-c1cb-45a1-85fc-e2e6f30787f0.json
[FILES] Returning 24 project files
